1513589415050	geckodriver	INFO	geckodriver 0.18.0
1513589415066	geckodriver	INFO	Listening on 127.0.0.1:54623
1513589417144	geckodriver::marionette	INFO	Starting browser C:\Program Files\Firefox Developer Edition\firefox.exe with args ["-marionette"]
1513589438073	geckodriver::marionette	ERROR	Failed to kill browser process
1513589438183	geckodriver	INFO	geckodriver 0.18.0
1513589438220	geckodriver	INFO	Listening on 127.0.0.1:54787
1513589440212	geckodriver::marionette	INFO	Starting browser C:\Program Files\Firefox Developer Edition\firefox.exe with args ["-marionette"]
1513589441290	Marionette	INFO	Enabled via --marionette
1513589444000	Marionette	INFO	Listening on port 54802
1513589444256	Marionette	WARN	TLS certificate errors will be ignored for this session
Unable to read VR Path Registry from C:\Users\zpf\AppData\Local\openvr\openvrpaths.vrpath
JavaScript error: https://ss1.bdstatic.com/5eN1bjq8AAUYm2zgoY3K/r/www/cache/static/protocol/https/plugins/every_cookie_4644b13.js, line 4: ReferenceError: c is not defined
JavaScript error: https://sp0.baidu.com/5a1Fazu8AA54nxGko9WTAnF6hhy/su?wd=%E7%99%BE&json=1&p=3&sid=1464_21127_25178_22072&req=2&csor=1&cb=jQuery1102016298388932352625_1513589445078&_=1513589445080, line 1: TypeError: jQuery1102016298388932352625_1513589445078 is not a function
JavaScript error: https://sp0.baidu.com/5a1Fazu8AA54nxGko9WTAnF6hhy/su?wd=%E7%99%BE%E5%BA%A6&json=1&p=3&sid=1464_21127_25178_22072&req=2&csor=2&pwd=%E7%99%BE&cb=jQuery1102016298388932352625_1513589445078&_=1513589445081, line 1: TypeError: jQuery1102016298388932352625_1513589445078 is not a function
JavaScript error: https://sp0.baidu.com/5a1Fazu8AA54nxGko9WTAnF6hhy/su?wd=%E7%99%BE%E5%BA%A6%E4%B8%80%E4%B8%8B&json=1&p=3&sid=1464_21127_25178_22072&req=2&csor=4&pwd=%E7%99%BE%E5%BA%A6%E4%B8%80&cb=jQuery1102016298388932352625_1513589445078&_=1513589445083, line 1: TypeError: jQuery1102016298388932352625_1513589445078 is not a function
JavaScript error: https://sp0.baidu.com/5a1Fazu8AA54nxGko9WTAnF6hhy/su?wd=%E7%99%BE%E5%BA%A6%E4%B8%80&json=1&p=3&sid=1464_21127_25178_22072&req=2&csor=3&pwd=%E7%99%BE%E5%BA%A6&cb=jQuery1102016298388932352625_1513589445078&_=1513589445082, line 1: TypeError: jQuery1102016298388932352625_1513589445078 is not a function
Unable to read VR Path Registry from C:\Users\zpf\AppData\Local\openvr\openvrpaths.vrpath
[Parent 13396, Gecko_IOThread] WARNING: pipe error: 109: file z:/build/build/src/ipc/chromium/src/chrome/common/ipc_channel_win.cc, line 346
1513589828994	geckodriver	INFO	geckodriver 0.18.0
1513589829014	geckodriver	INFO	Listening on 127.0.0.1:56368
1513589831063	geckodriver::marionette	INFO	Starting browser C:\Program Files\Firefox Developer Edition\firefox.exe with args ["-marionette"]
1513589831737	Marionette	INFO	Enabled via --marionette
1513589834053	Marionette	INFO	Listening on port 56380
1513589834409	Marionette	WARN	TLS certificate errors will be ignored for this session
Unable to read VR Path Registry from C:\Users\zpf\AppData\Local\openvr\openvrpaths.vrpath
JavaScript error: https://ss1.bdstatic.com/5eN1bjq8AAUYm2zgoY3K/r/www/cache/static/protocol/https/plugins/every_cookie_4644b13.js, line 4: ReferenceError: c is not defined
1513589840245	geckodriver	INFO	geckodriver 0.18.0
1513589840264	geckodriver	INFO	Listening on 127.0.0.1:56474
1513589842275	geckodriver::marionette	INFO	Starting browser C:\Program Files\Firefox Developer Edition\firefox.exe with args ["-marionette"]
1513589842976	Marionette	INFO	Enabled via --marionette
1513589845101	Marionette	INFO	Listening on port 56489
1513589845466	Marionette	WARN	TLS certificate errors will be ignored for this session
Unable to read VR Path Registry from C:\Users\zpf\AppData\Local\openvr\openvrpaths.vrpath
JavaScript error: https://sp0.baidu.com/5a1Fazu8AA54nxGko9WTAnF6hhy/su?wd=%E7%99%BE%E5%BA%A6%E4%B8%80%E4%B8%8B&json=1&p=3&sid=1443_13290_21127_25177_22158&req=2&csor=4&pwd=%E7%99%BE%E5%BA%A6%E4%B8%80&cb=jQuery110205766136216386236_1513589846071&_=1513589846076, line 1: TypeError: jQuery110205766136216386236_1513589846071 is not a function
JavaScript error: https://sp0.baidu.com/5a1Fazu8AA54nxGko9WTAnF6hhy/su?wd=%E7%99%BE%E5%BA%A6%E4%B8%80&json=1&p=3&sid=1443_13290_21127_25177_22158&req=2&csor=3&pwd=%E7%99%BE%E5%BA%A6&cb=jQuery110205766136216386236_1513589846071&_=1513589846075, line 1: TypeError: jQuery110205766136216386236_1513589846071 is not a function
1513590230388	geckodriver	INFO	geckodriver 0.18.0
1513590230460	geckodriver	INFO	Listening on 127.0.0.1:58023
1513590232578	geckodriver::marionette	INFO	Starting browser C:\Program Files\Firefox Developer Edition\firefox.exe with args ["-marionette"]
1513590234945	Marionette	INFO	Enabled via --marionette
1513590240453	Marionette	INFO	Listening on port 58036
1513590240846	Marionette	WARN	TLS certificate errors will be ignored for this session
Unable to read VR Path Registry from C:\Users\zpf\AppData\Local\openvr\openvrpaths.vrpath
JavaScript error: https://ss1.bdstatic.com/5eN1bjq8AAUYm2zgoY3K/r/www/cache/static/protocol/https/plugins/every_cookie_4644b13.js, line 4: ReferenceError: c is not defined
Unable to read VR Path Registry from C:\Users\zpf\AppData\Local\openvr\openvrpaths.vrpath
[Parent 16744, Gecko_IOThread] WARNING: pipe error: 109: file z:/build/build/src/ipc/chromium/src/chrome/common/ipc_channel_win.cc, line 346
1513590248496	geckodriver	INFO	geckodriver 0.18.0
1513590248530	geckodriver	INFO	Listening on 127.0.0.1:58148
1513590250570	geckodriver::marionette	INFO	Starting browser C:\Program Files\Firefox Developer Edition\firefox.exe with args ["-marionette"]
1513590251787	Marionette	INFO	Enabled via --marionette
1513590254247	Marionette	INFO	Listening on port 58162
1513590254725	Marionette	WARN	TLS certificate errors will be ignored for this session
Unable to read VR Path Registry from C:\Users\zpf\AppData\Local\openvr\openvrpaths.vrpath
JavaScript error: https://ss1.bdstatic.com/5eN1bjq8AAUYm2zgoY3K/r/www/cache/static/protocol/https/plugins/every_cookie_4644b13.js, line 4: ReferenceError: c is not defined
JavaScript error: https://sp0.baidu.com/5a1Fazu8AA54nxGko9WTAnF6hhy/su?wd=%E7%99%BE%E5%BA%A6%E4%B8%80%E4%B8%8B&json=1&p=3&sid=1428_21087_18559_17001_25177_20930&req=2&csor=4&pwd=%E7%99%BE%E5%BA%A6%E4%B8%80&cb=jQuery1102033812960878570186_1513590255374&_=1513590255379, line 1: TypeError: jQuery1102033812960878570186_1513590255374 is not a function
JavaScript error: https://sp0.baidu.com/5a1Fazu8AA54nxGko9WTAnF6hhy/su?wd=%E7%99%BE%E5%BA%A6%E4%B8%80&json=1&p=3&sid=1428_21087_18559_17001_25177_20930&req=2&csor=3&pwd=%E7%99%BE%E5%BA%A6&cb=jQuery1102033812960878570186_1513590255374&_=1513590255378, line 1: TypeError: jQuery1102033812960878570186_1513590255374 is not a function
